<?xml version="1.0" encoding="UTF-8"?>
<robot generator="Robot 6.1.1 (Python 3.10.5 on win32)" generated="20240610 15:10:34.577" rpa="false" schemaversion="4">
<suite id="s1" name="DragAndDrop" source="C:\D Drive\robot-framework-example\test_cases\DragAndDrop.robot">
<test id="s1-t1" name="To Perform Drag and Drop" line="9">
<kw name="Lunch Browser">
<kw name="Open Browser" library="SeleniumLibrary">
<arg>${url}</arg>
<arg>${browser}</arg>
<doc>Opens a new browser instance to the optional ``url``.</doc>
<msg timestamp="20240610 15:10:34.950" level="INFO">Opening browser 'chrome' to base url 'http://testautomationpractice.blogspot.com/'.</msg>
<status status="PASS" starttime="20240610 15:10:34.949" endtime="20240610 15:10:45.816"/>
</kw>
<kw name="Maximize Browser Window" library="SeleniumLibrary">
<doc>Maximizes current browser window.</doc>
<status status="PASS" starttime="20240610 15:10:45.817" endtime="20240610 15:10:45.860"/>
</kw>
<status status="PASS" starttime="20240610 15:10:34.948" endtime="20240610 15:10:45.860"/>
</kw>
<kw name="Drag And Drop" library="SeleniumLibrary">
<arg>id:draggable</arg>
<arg>id:droppable</arg>
<doc>Drags the element identified by ``locator`` into the ``target`` element.</doc>
<status status="PASS" starttime="20240610 15:10:45.861" endtime="20240610 15:10:46.563"/>
</kw>
<kw name="Sleep" library="BuiltIn">
<arg>8</arg>
<doc>Pauses the test executed for the given time.</doc>
<msg timestamp="20240610 15:10:54.576" level="INFO">Slept 8 seconds</msg>
<status status="PASS" starttime="20240610 15:10:46.564" endtime="20240610 15:10:54.576"/>
</kw>
<kw name="Close All Browsers" library="SeleniumLibrary">
<doc>Closes all open browsers and resets the browser cache.</doc>
<status status="PASS" starttime="20240610 15:10:54.577" endtime="20240610 15:11:02.615"/>
</kw>
<status status="PASS" starttime="20240610 15:10:34.947" endtime="20240610 15:11:02.615"/>
</test>
<status status="PASS" starttime="20240610 15:10:34.580" endtime="20240610 15:11:02.618"/>
</suite>
<statistics>
<total>
<stat pass="1" fail="0" skip="0">All Tests</stat>
</total>
<tag>
</tag>
<suite>
<stat pass="1" fail="0" skip="0" id="s1" name="DragAndDrop">DragAndDrop</stat>
</suite>
</statistics>
<errors>
</errors>
</robot>
